--------------- Clean Started: 12/30/2015 13:24:28 Project: Project1_acc, Configuration: ARM GCC 4.9-2015-q1-update Debug ---------------
Deleting file ".\CortexM0\ARM_GCC_493\Debug\main.o"
Deleting file ".\CortexM0\ARM_GCC_493\Debug\mpu_i2c.o"
Deleting file ".\CortexM0\ARM_GCC_493\Debug\leds_disp.o"
Deleting file ".\CortexM0\ARM_GCC_493\Debug\motor_control.o"
Deleting file ".\CortexM0\ARM_GCC_493\Debug\cyfitter_cfg.o"
Deleting file ".\CortexM0\ARM_GCC_493\Debug\cymetadata.o"
Deleting file ".\CortexM0\ARM_GCC_493\Debug\DEBUG.o"
Deleting file ".\CortexM0\ARM_GCC_493\Debug\DEBUG_SPI_UART.o"
Deleting file ".\CortexM0\ARM_GCC_493\Debug\DEBUG_SPI_UART_INT.o"
Deleting file ".\CortexM0\ARM_GCC_493\Debug\DEBUG_PM.o"
Deleting file ".\CortexM0\ARM_GCC_493\Debug\DEBUG_UART.o"
Deleting file ".\CortexM0\ARM_GCC_493\Debug\DEBUG_BOOT.o"
Deleting file ".\CortexM0\ARM_GCC_493\Debug\DEBUG_UART_BOOT.o"
Deleting file ".\CortexM0\ARM_GCC_493\Debug\I2C.o"
Deleting file ".\CortexM0\ARM_GCC_493\Debug\I2C_I2C_INT.o"
Deleting file ".\CortexM0\ARM_GCC_493\Debug\I2C_I2C.o"
Deleting file ".\CortexM0\ARM_GCC_493\Debug\I2C_I2C_BOOT.o"
Deleting file ".\CortexM0\ARM_GCC_493\Debug\I2C_I2C_MASTER.o"
Deleting file ".\CortexM0\ARM_GCC_493\Debug\I2C_PM.o"
Deleting file ".\CortexM0\ARM_GCC_493\Debug\I2C_BOOT.o"
Deleting file ".\CortexM0\ARM_GCC_493\Debug\DEBUG_SCBCLK.o"
Deleting file ".\CortexM0\ARM_GCC_493\Debug\DEBUG_tx.o"
Deleting file ".\CortexM0\ARM_GCC_493\Debug\DEBUG_rx.o"
Deleting file ".\CortexM0\ARM_GCC_493\Debug\I2C_SCBCLK.o"
Deleting file ".\CortexM0\ARM_GCC_493\Debug\I2C_sda.o"
Deleting file ".\CortexM0\ARM_GCC_493\Debug\I2C_scl.o"
Deleting file ".\CortexM0\ARM_GCC_493\Debug\I2C_SCB_IRQ.o"
Deleting file ".\CortexM0\ARM_GCC_493\Debug\Cm0Start.o"
Deleting file ".\CortexM0\ARM_GCC_493\Debug\CyBootAsmGnu.o"
Deleting file ".\CortexM0\ARM_GCC_493\Debug\CyFlash.o"
Deleting file ".\CortexM0\ARM_GCC_493\Debug\CyLib.o"
Deleting file ".\CortexM0\ARM_GCC_493\Debug\cyPm.o"
Deleting file ".\CortexM0\ARM_GCC_493\Debug\cyutils.o"
Deleting file ".\CortexM0\ARM_GCC_493\Debug\CyLFClk.o"
Deleting file ".\CortexM0\ARM_GCC_493\Debug\LED0.o"
Deleting file ".\CortexM0\ARM_GCC_493\Debug\LED1.o"
Deleting file ".\CortexM0\ARM_GCC_493\Debug\LED2.o"
Deleting file ".\CortexM0\ARM_GCC_493\Debug\LED3.o"
Deleting file ".\CortexM0\ARM_GCC_493\Debug\LED4.o"
Deleting file ".\CortexM0\ARM_GCC_493\Debug\LED5.o"
Deleting file ".\CortexM0\ARM_GCC_493\Debug\LED6.o"
Deleting file ".\CortexM0\ARM_GCC_493\Debug\MOTOR1_PWM.o"
Deleting file ".\CortexM0\ARM_GCC_493\Debug\MOTOR1_1.o"
Deleting file ".\CortexM0\ARM_GCC_493\Debug\MOTOR1_2.o"
Deleting file ".\CortexM0\ARM_GCC_493\Debug\MOTOR2_PWM.o"
Deleting file ".\CortexM0\ARM_GCC_493\Debug\MOTOR2_1.o"
Deleting file ".\CortexM0\ARM_GCC_493\Debug\MOTOR2_2.o"
Deleting file ".\CortexM0\ARM_GCC_493\Debug\GPIO_0.o"
Deleting file ".\CortexM0\ARM_GCC_493\Debug\GPIO_1.o"
Deleting file ".\CortexM0\ARM_GCC_493\Debug\ENK_MOTOR1A.o"
Deleting file ".\CortexM0\ARM_GCC_493\Debug\ENK_MOTOR1B.o"
Deleting file ".\CortexM0\ARM_GCC_493\Debug\ENK_MOTOR2A.o"
Deleting file ".\CortexM0\ARM_GCC_493\Debug\ENK_MOTOR2B.o"
Deleting file ".\CortexM0\ARM_GCC_493\Debug\Timer_i2c_isr.o"
Deleting file ".\CortexM0\ARM_GCC_493\Debug\Timer_i2c_isr_PM.o"
Deleting file ".\CortexM0\ARM_GCC_493\Debug\i2c_isr.o"
Deleting file ".\CortexM0\ARM_GCC_493\Debug\Timer_led_isr.o"
Deleting file ".\CortexM0\ARM_GCC_493\Debug\Timer_led_isr_PM.o"
Deleting file ".\CortexM0\ARM_GCC_493\Debug\led_isr.o"
Deleting file ".\CortexM0\ARM_GCC_493\Debug\PWM_MOTOR.o"
Deleting file ".\CortexM0\ARM_GCC_493\Debug\PWM_MOTOR_PM.o"
Deleting file ".\CortexM0\ARM_GCC_493\Debug\MainClock.o"
Deleting file ".\CortexM0\ARM_GCC_493\Debug\Project1_acc.hex"
Deleting file ".\CortexM0\ARM_GCC_493\Debug\Project1_acc.elf"
Deleting file ".\CortexM0\ARM_GCC_493\Debug\Project1_acc.map"
Deleting file ".\Project1_acc.cycdx"
Deleting file ".\Project1_acc.svd"
Deleting file ".\Project1_acc.rpt"
Deleting file ".\Project1_acc_timing.html"
Deleting file ".\CortexM0\ARM_GCC_493\Debug\.deps\C_FILE.P"
Deleting file ".\CortexM0\ARM_GCC_493\Debug\.deps\ARM_C_FILE.P"
Deleting file ".\CortexM0\ARM_GCC_493\Debug\.deps\GNU_ARM_ASM_FILE.P"
--------------- Clean Succeeded: 12/30/2015 13:24:28 ---------------
